<?xml version="1.0" encoding="UTF-8"?>
<testsuite xmlns:xsi="http://www.w3.org/2001/XMLSchema-instance" xsi:noNamespaceSchemaLocation="https://maven.apache.org/surefire/maven-surefire-plugin/xsd/surefire-test-report.xsd" name="com.revature.maven.calculator.test.CalculatorTest" time="0.094" tests="3" errors="0" skipped="1" failures="0">
  <properties>
[...]
</properties>
  <testcase name="testSub" classname="com.revature.maven.calculator.test.CalculatorTest" time="0">
    <skipped message="void com.revature.maven.calculator.test.CalculatorTest.testSub() is @Disabled"/>
    <system-out><![CDATA[Creating Object 
]]></system-out>
  </testcase>
  <testcase name="testAdd" classname="com.revature.maven.calculator.test.CalculatorTest" time="0.023"/>
  <testcase name="testDivision" classname="com.revature.maven.calculator.test.CalculatorTest" time="0.005"/>
</testsuite>